Using pre-set license
Built from '2020.3/staging' branch; Version is '2020.3.19f1 (68f137dc9bbe) revision 6877495'; Using compiler version '192528614'; Build Type 'Release'
OS: 'Windows 10 Pro; OS build 19042.1237; Version 2009; 64bit' Language: 'ko' Physical Memory: 16145 MB
BatchMode: 1, IsHumanControllingUs: 0, StartBugReporterOnCrash: 0, Is64bit: 1, IsPro: 0

COMMAND LINE ARGUMENTS:
C:\Program Files\2020.3.19f1\Editor\Unity.exe
-adb2
-batchMode
-noUpm
-name
AssetImportWorker0
-projectPath
C:/Users/chaej/Documents/GitHub/IYAHackathon/IYA_LightVillage
-logFile
Logs/AssetImportWorker0.log
-srvPort
54327
Successfully changed project path to: C:/Users/chaej/Documents/GitHub/IYAHackathon/IYA_LightVillage
C:/Users/chaej/Documents/GitHub/IYAHackathon/IYA_LightVillage
Using Asset Import Pipeline V2.
Refreshing native plugins compatible for Editor in 47.97 ms, found 3 plugins.
Preloading 0 native plugins for Editor in 0.00 ms.
Initialize engine version: 2020.3.19f1 (68f137dc9bbe)
[Subsystems] Discovering subsystems at path C:/Program Files/2020.3.19f1/Editor/Data/Resources/UnitySubsystems
[Subsystems] Discovering subsystems at path C:/Users/chaej/Documents/GitHub/IYAHackathon/IYA_LightVillage/Assets
GfxDevice: creating device client; threaded=0
Direct3D:
    Version:  Direct3D 11.0 [level 11.1]
    Renderer: NVIDIA GeForce GTX 1650 Ti (ID=0x1f95)
    Vendor:   
    VRAM:     3962 MB
    Driver:   27.21.14.6231
Initialize mono
Mono path[0] = 'C:/Program Files/2020.3.19f1/Editor/Data/Managed'
Mono path[1] = 'C:/Program Files/2020.3.19f1/Editor/Data/MonoBleedingEdge/lib/mono/unityjit'
Mono config path = 'C:/Program Files/2020.3.19f1/Editor/Data/MonoBleedingEdge/etc'
Using monoOptions --debugger-agent=transport=dt_socket,embedding=1,server=y,suspend=n,address=127.0.0.1:56764
Begin MonoManager ReloadAssembly
Registering precompiled unity dll's ...
Register platform support module: C:/Program Files/2020.3.19f1/Editor/Data/PlaybackEngines/WebGLSupport/UnityEditor.WebGL.Extensions.dll
Register platform support module: C:/Program Files/2020.3.19f1/Editor/Data/PlaybackEngines/WindowsStandaloneSupport/UnityEditor.WindowsStandalone.Extensions.dll
Registered in 0.002871 seconds.
Native extension for WindowsStandalone target not found
Native extension for WebGL target not found
Refreshing native plugins compatible for Editor in 40.50 ms, found 3 plugins.
Preloading 0 native plugins for Editor in 0.00 ms.
Mono: successfully reloaded assembly
- Completed reload, in  1.293 seconds
Domain Reload Profiling:
	ReloadAssembly (1293ms)
		BeginReloadAssembly (58ms)
			ExecutionOrderSort (0ms)
			DisableScriptedObjects (0ms)
			BackupInstance (0ms)
			ReleaseScriptingObjects (0ms)
			CreateAndSetChildDomain (1ms)
		EndReloadAssembly (400ms)
			LoadAssemblies (55ms)
			RebuildTransferFunctionScriptingTraits (0ms)
			SetupTypeCache (142ms)
			ReleaseScriptCaches (0ms)
			RebuildScriptCaches (28ms)
			SetupLoadedEditorAssemblies (158ms)
				LogAssemblyErrors (0ms)
				InitializePlatformSupportModulesInManaged (5ms)
				SetLoadedEditorAssemblies (0ms)
				RefreshPlugins (41ms)
				BeforeProcessingInitializeOnLoad (9ms)
				ProcessInitializeOnLoadAttributes (75ms)
				ProcessInitializeOnLoadMethodAttributes (29ms)
				AfterProcessingInitializeOnLoad (0ms)
				EditorAssembliesLoaded (0ms)
			ExecutionOrderSort2 (0ms)
			AwakeInstancesAfterBackupRestoration (0ms)
Platform modules already initialized, skipping
Registering precompiled user dll's ...
Registered in 0.003187 seconds.
Begin MonoManager ReloadAssembly
Native extension for WindowsStandalone target not found
Native extension for WebGL target not found
Refreshing native plugins compatible for Editor in 42.22 ms, found 3 plugins.
Preloading 0 native plugins for Editor in 0.00 ms.
Mono: successfully reloaded assembly
- Completed reload, in  1.059 seconds
Domain Reload Profiling:
	ReloadAssembly (1060ms)
		BeginReloadAssembly (146ms)
			ExecutionOrderSort (0ms)
			DisableScriptedObjects (5ms)
			BackupInstance (0ms)
			ReleaseScriptingObjects (0ms)
			CreateAndSetChildDomain (18ms)
		EndReloadAssembly (854ms)
			LoadAssemblies (93ms)
			RebuildTransferFunctionScriptingTraits (0ms)
			SetupTypeCache (278ms)
			ReleaseScriptCaches (0ms)
			RebuildScriptCaches (46ms)
			SetupLoadedEditorAssemblies (324ms)
				LogAssemblyErrors (0ms)
				InitializePlatformSupportModulesInManaged (5ms)
				SetLoadedEditorAssemblies (0ms)
				RefreshPlugins (42ms)
				BeforeProcessingInitializeOnLoad (62ms)
				ProcessInitializeOnLoadAttributes (194ms)
				ProcessInitializeOnLoadMethodAttributes (14ms)
				AfterProcessingInitializeOnLoad (6ms)
				EditorAssembliesLoaded (0ms)
			ExecutionOrderSort2 (0ms)
			AwakeInstancesAfterBackupRestoration (6ms)
Platform modules already initialized, skipping
========================================================================
Worker process is ready to serve import requests
Launched and connected shader compiler UnityShaderCompiler.exe after 0.06 seconds
Refreshing native plugins compatible for Editor in 0.41 ms, found 3 plugins.
Preloading 0 native plugins for Editor in 0.00 ms.
Unloading 2096 Unused Serialized files (Serialized files now loaded: 0)
System memory in use before: 93.2 MB.
System memory in use after: 93.3 MB.

Unloading 26 unused Assets to reduce memory usage. Loaded Objects now: 2536.
Total: 4.961700 ms (FindLiveObjects: 0.184600 ms CreateObjectMapping: 0.069600 ms MarkObjects: 4.573300 ms  DeleteObjects: 0.131900 ms)

AssetImportParameters requested are different than current active one (requested -> active):
  custom:framework-win-MediaFoundation: 216162199b28c13a410421893ffa2e32 -> 
  custom:video-decoder-ogg-theora: a1e56fd34408186e4bbccfd4996cb3dc -> 
  custom:container-muxer-webm: aa71ff27fc2769a1b78a27578f13a17b -> 
  custom:container-demuxer-webm: 4f35f7cbe854078d1ac9338744f61a02 -> 
  custom:container-demuxer-ogg: 62fdf1f143b41e24485cea50d1cbac27 -> 
  custom:video-encoder-webm-vp8: eb34c28f22e8b96e1ab97ce403110664 -> 
  custom:video-codec-MediaFoundation-h265: 746d11721c4dcdbdad8f713fa42b33f4 -> 
  custom:video-decoder-webm-vp8: 9c59270c3fd7afecdb556c50c9e8de78 -> 
  custom:audio-decoder-ogg-vorbis: bf7c407c2cedff20999df2af8eb42d56 -> 
  custom:audio-encoder-webm-vorbis: bf7c407c2cedff20999df2af8eb42d56 -> 
========================================================================
Received Import Request.
  path: Assets/Sprites/AI_Student_Atlas.png
  artifactKey: Guid(ddd31003bc0be1744a685070d183f80e) Importer(815301076,1909f56bfc062723c751e8b465ee728b)
Start importing Assets/Sprites/AI_Student_Atlas.png using Guid(ddd31003bc0be1744a685070d183f80e) Importer(815301076,1909f56bfc062723c751e8b465ee728b)  -> (artifact id: '5c902cc06c72e1471a503ef4fbd9fe37') in 0.144094 seconds 
  Import took 0.147620 seconds .

========================================================================
Received Import Request.
  Time since last request: 0.000415 seconds.
  path: Assets/Sprites/Item_Atlas.png
  artifactKey: Guid(8fcc52be552a8e44f82f2d3858ab1408) Importer(815301076,1909f56bfc062723c751e8b465ee728b)
Start importing Assets/Sprites/Item_Atlas.png using Guid(8fcc52be552a8e44f82f2d3858ab1408) Importer(815301076,1909f56bfc062723c751e8b465ee728b)  -> (artifact id: 'd57d02a2e70211814acaddac6c0bd648') in 0.059050 seconds 
  Import took 0.062446 seconds .

========================================================================
Received Import Request.
  Time since last request: 0.000215 seconds.
  path: Assets/Sprites/광주과학기술진흥원(AI_M완료).png
  artifactKey: Guid(f60d084c20c509945be58370227d1b3c) Importer(815301076,1909f56bfc062723c751e8b465ee728b)
Start importing Assets/Sprites/광주과학기술진흥원(AI_M완료).png using Guid(f60d084c20c509945be58370227d1b3c) Importer(815301076,1909f56bfc062723c751e8b465ee728b)  -> (artifact id: '2bb0836f308412d2e3f959f6002e0848') in 0.027924 seconds 
  Import took 0.030875 seconds .

========================================================================
Received Import Request.
  Time since last request: 0.000191 seconds.
  path: Assets/Sprites/ImcreSoojin_OTF.otf
  artifactKey: Guid(9437c615f80b3044bacaa88b06b5edb1) Importer(815301076,1909f56bfc062723c751e8b465ee728b)
Start importing Assets/Sprites/ImcreSoojin_OTF.otf using Guid(9437c615f80b3044bacaa88b06b5edb1) Importer(815301076,1909f56bfc062723c751e8b465ee728b)  -> (artifact id: '6873828d8eb87079b4cdc3b28d52e34b') in 0.060886 seconds 
  Import took 0.063796 seconds .

========================================================================
Received Import Request.
  Time since last request: 0.000269 seconds.
  path: Assets/Sprites/선별검사소(AI_M완료).png
  artifactKey: Guid(8e3b06c0509cd69499c0214fdcb1904e) Importer(815301076,1909f56bfc062723c751e8b465ee728b)
Start importing Assets/Sprites/선별검사소(AI_M완료).png using Guid(8e3b06c0509cd69499c0214fdcb1904e) Importer(815301076,1909f56bfc062723c751e8b465ee728b)  -> (artifact id: '9afe942a261febcd629fff9c53acda71') in 0.027841 seconds 
  Import took 0.033574 seconds .

========================================================================
Received Import Request.
  Time since last request: 0.000604 seconds.
  path: Assets/Sprites/선별검사소_안내판(AI_M완료).png
  artifactKey: Guid(11d1b402bbfe89047984094753310845) Importer(815301076,1909f56bfc062723c751e8b465ee728b)
Start importing Assets/Sprites/선별검사소_안내판(AI_M완료).png using Guid(11d1b402bbfe89047984094753310845) Importer(815301076,1909f56bfc062723c751e8b465ee728b)  -> (artifact id: '1698e9b78434b03a818a3aa8c98961e1') in 0.030664 seconds 
  Import took 0.035661 seconds .

========================================================================
Received Import Request.
  Time since last request: 0.000290 seconds.
  path: Assets/Sprites/AI_Student_idle(AI_M완료).png
  artifactKey: Guid(25082cfee25185641b1a711b29a1cbec) Importer(815301076,1909f56bfc062723c751e8b465ee728b)
Start importing Assets/Sprites/AI_Student_idle(AI_M완료).png using Guid(25082cfee25185641b1a711b29a1cbec) Importer(815301076,1909f56bfc062723c751e8b465ee728b)  -> (artifact id: '8d63b33f286f800c05bfa93e15ae0b7b') in 0.027868 seconds 
  Import took 0.032312 seconds .

========================================================================
Received Import Request.
  Time since last request: 0.000358 seconds.
  path: Assets/Sprites/영산강(AI_M완료).png
  artifactKey: Guid(548cc84579601764eb3af0532d6183ea) Importer(815301076,1909f56bfc062723c751e8b465ee728b)
Start importing Assets/Sprites/영산강(AI_M완료).png using Guid(548cc84579601764eb3af0532d6183ea) Importer(815301076,1909f56bfc062723c751e8b465ee728b)  -> (artifact id: 'bef98df71bb4b90e9ad859c8eaee96f9') in 0.017432 seconds 
  Import took 0.022582 seconds .

========================================================================
Received Import Request.
  Time since last request: 0.000477 seconds.
  path: Assets/Sprites/BackGround1.png
  artifactKey: Guid(10abab6991dc74c43a5638460c05583c) Importer(815301076,1909f56bfc062723c751e8b465ee728b)
Start importing Assets/Sprites/BackGround1.png using Guid(10abab6991dc74c43a5638460c05583c) Importer(815301076,1909f56bfc062723c751e8b465ee728b)  -> (artifact id: '8aee06720181b512ddcc2a32c85f53da') in 0.062994 seconds 
  Import took 0.069078 seconds .

========================================================================
Received Import Request.
  Time since last request: 0.000436 seconds.
  path: Assets/Sprites/광주광역시청(AI_M완료).png
  artifactKey: Guid(3f493888eb508d248a24cebb6e715b10) Importer(815301076,1909f56bfc062723c751e8b465ee728b)
Start importing Assets/Sprites/광주광역시청(AI_M완료).png using Guid(3f493888eb508d248a24cebb6e715b10) Importer(815301076,1909f56bfc062723c751e8b465ee728b)  -> (artifact id: 'd45f98b74fed2e6087fc219864e4630f') in 0.023217 seconds 
  Import took 0.027948 seconds .

========================================================================
Received Import Request.
  Time since last request: 0.000418 seconds.
  path: Assets/Sprites/AI_Student_idle(AI_M완료)_좌.png
  artifactKey: Guid(c06e4f2e8ef6a544daf942687591dd19) Importer(815301076,1909f56bfc062723c751e8b465ee728b)
Start importing Assets/Sprites/AI_Student_idle(AI_M완료)_좌.png using Guid(c06e4f2e8ef6a544daf942687591dd19) Importer(815301076,1909f56bfc062723c751e8b465ee728b)  -> (artifact id: '705a70ff38f110e70837354e47f717a5') in 0.026608 seconds 
  Import took 0.030640 seconds .

========================================================================
Received Import Request.
  Time since last request: 0.000247 seconds.
  path: Assets/Sprites/Ground(AI_M완료) 1.png
  artifactKey: Guid(143611b430c1f1947a007b47cd99c36d) Importer(815301076,1909f56bfc062723c751e8b465ee728b)
Start importing Assets/Sprites/Ground(AI_M완료) 1.png using Guid(143611b430c1f1947a007b47cd99c36d) Importer(815301076,1909f56bfc062723c751e8b465ee728b)  -> (artifact id: '9d0e72dddf77275c34dfa8ea3550f359') in 0.045528 seconds 
  Import took 0.050225 seconds .

========================================================================
Received Import Request.
  Time since last request: 0.000277 seconds.
  path: Assets/Sprites/강(AI_M완료).png
  artifactKey: Guid(1139ca47270fe6941871a8f371bab0c5) Importer(815301076,1909f56bfc062723c751e8b465ee728b)
Start importing Assets/Sprites/강(AI_M완료).png using Guid(1139ca47270fe6941871a8f371bab0c5) Importer(815301076,1909f56bfc062723c751e8b465ee728b)  -> (artifact id: 'bd52ed5cf5a7628117517b8349243b6c') in 0.030311 seconds 
  Import took 0.034458 seconds .

========================================================================
Received Import Request.
  Time since last request: 0.000289 seconds.
  path: Assets/Sprites/전일빌딩(AI_M완료).png
  artifactKey: Guid(a41b38e7a16400142a31f64035f0771f) Importer(815301076,1909f56bfc062723c751e8b465ee728b)
Start importing Assets/Sprites/전일빌딩(AI_M완료).png using Guid(a41b38e7a16400142a31f64035f0771f) Importer(815301076,1909f56bfc062723c751e8b465ee728b)  -> (artifact id: '7247e21d27392236355eaeb485dffbcf') in 0.028278 seconds 
  Import took 0.034211 seconds .

========================================================================
Received Import Request.
  Time since last request: 0.000498 seconds.
  path: Assets/Sprites/Ground(AI_M완료).png
  artifactKey: Guid(b09a3ac9a1a6b3b489c2535a6568ab54) Importer(815301076,1909f56bfc062723c751e8b465ee728b)
Start importing Assets/Sprites/Ground(AI_M완료).png using Guid(b09a3ac9a1a6b3b489c2535a6568ab54) Importer(815301076,1909f56bfc062723c751e8b465ee728b)  -> (artifact id: '750f16210e66cb94e5ed047534a6d49c') in 0.028093 seconds 
  Import took 0.034097 seconds .

========================================================================
Received Prepare
Refreshing native plugins compatible for Editor in 3.62 ms, found 3 plugins.
Preloading 0 native plugins for Editor in 0.00 ms.
Unloading 12 Unused Serialized files (Serialized files now loaded: 0)
System memory in use before: 55.3 MB.
System memory in use after: 55.4 MB.

Unloading 12 unused Assets to reduce memory usage. Loaded Objects now: 2618.
Total: 2.878700 ms (FindLiveObjects: 0.221700 ms CreateObjectMapping: 0.094400 ms MarkObjects: 2.551000 ms  DeleteObjects: 0.010700 ms)

AssetImportParameters requested are different than current active one (requested -> active):
  custom:framework-win-MediaFoundation: 216162199b28c13a410421893ffa2e32 -> 
  custom:video-decoder-ogg-theora: a1e56fd34408186e4bbccfd4996cb3dc -> 
  custom:container-muxer-webm: aa71ff27fc2769a1b78a27578f13a17b -> 
  custom:container-demuxer-webm: 4f35f7cbe854078d1ac9338744f61a02 -> 
  custom:container-demuxer-ogg: 62fdf1f143b41e24485cea50d1cbac27 -> 
  custom:video-encoder-webm-vp8: eb34c28f22e8b96e1ab97ce403110664 -> 
  custom:video-codec-MediaFoundation-h265: 746d11721c4dcdbdad8f713fa42b33f4 -> 
  custom:video-decoder-webm-vp8: 9c59270c3fd7afecdb556c50c9e8de78 -> 
  custom:audio-decoder-ogg-vorbis: bf7c407c2cedff20999df2af8eb42d56 -> 
  custom:audio-encoder-webm-vorbis: bf7c407c2cedff20999df2af8eb42d56 -> 
